2023-12-01 10:52:55.507564
hello_world
[(), {}]
Hello World
2023-12-01 10:52:55.508571
summator
[(2, 2), {}]
4
2023-12-01 10:52:55.509577
div
[(6, 2), {}]
3.0
2023-12-01 10:52:55.510576
summator
[(4.3,), {'b': 2.2}]
6.5
2023-12-01 10:52:55.512566
summator
[(), {'a': 0, 'b': 0}]
0
2023-12-01 11:07:27.746499
hello_world
[(), {}]
Hello World
2023-12-01 11:07:27.748514
summator
[(2, 2), {}]
4
2023-12-01 11:07:27.749502
div
[(6, 2), {}]
3.0
2023-12-01 11:07:27.751500
summator
[(4.3,), {'b': 2.2}]
6.5
2023-12-01 11:07:27.755491
hello_world
[(), {}]
Hello World
2023-12-01 11:07:27.757497
summator
[(2, 2), {}]
4
2023-12-01 11:07:27.758487
div
[(6, 2), {}]
3.0
2023-12-01 11:07:27.759486
summator
[(4.3,), {'b': 2.2}]
6.5
2023-12-01 11:07:27.763493
hello_world
[(), {}]
Hello World
2023-12-01 11:07:27.764490
summator
[(2, 2), {}]
4
2023-12-01 11:07:27.765489
div
[(6, 2), {}]
3.0
2023-12-01 11:07:27.766487
summator
[(4.3,), {'b': 2.2}]
6.5
